### ISSUE TITLE
seg fault in esis_print () at ./print-isoclns.c:1059 caused by malformed pcap

### ISSUE THREAD

**Issue by geeknik** [the-tcpdump-group/tcpdump#437]
This bug was found with afl (http://lcamtuf.coredump.cx/afl). I compiled tcpdump and libpcap from git source:

tcpdump version 4.8.0-PRE-GIT_2015_02_27
libpcap version 1.8.0-PRE-GIT_2015_02_27
OpenSSL 1.0.1e 11 Feb 2013

CC=/path/to/afl-gcc ./configure
AFL_HARDEN=1 make -j12

Command line:
./tcpdump -qns 0 -A -r test00-min

Prepare for your terminal to be filled with a lot of alphanumeric characters before you get to the GDB/Valgrind output.

GDB:
Program received signal SIGSEGV, Segmentation fault.
[----------------------------------registers-----------------------------------]
RAX: 0x2 
RBX: 0xa30440 --> 0x0 
RCX: 0x689204 --> 0x7865746e6f635b00 ('')
RDX: 0x7ffff779adf0 --> 0x0 
RSI: 0x2 
RDI: 0x0 
RBP: 0x7ffff6bdb007 --> 0x1e0600 
RSP: 0x7fffffffcec0 --> 0x5f4586 (<ts_print+774>:	mov    rax,QWORD PTR [rsp+0x10])
RIP: 0x4df6d0 (<esis_print+5200>:	movzx  edx,BYTE PTR [rbp-0x7])
R8 : 0x0 
R9 : 0x1 
R10: 0x7ffff7fdd700 (0x00007ffff7fdd700)
R11: 0x246 
R12: 0x2 
R13: 0x0 
R14: 0x800026bd303f 
R15: 0x3
EFLAGS: 0x10206 (carry PARITY adjust zero sign trap INTERRUPT direction overflow)
[-------------------------------------code-------------------------------------]
   0x4df6c4 <esis_print+5188>:	xor    eax,eax
   0x4df6c6 <esis_print+5190>:	add    rbp,0x8
   0x4df6ca <esis_print+5194>:	call   QWORD PTR [rbx+0x110]
=> 0x4df6d0 <esis_print+5200>:	movzx  edx,BYTE PTR [rbp-0x7]
   0x4df6d4 <esis_print+5204>:	mov    esi,0x689200
   0x4df6d9 <esis_print+5209>:	mov    rdi,rbx
   0x4df6dc <esis_print+5212>:	xor    eax,eax
   0x4df6de <esis_print+5214>:	call   QWORD PTR [rbx+0x110]
[------------------------------------stack-------------------------------------]
0000| 0x7fffffffcec0 --> 0x5f4586 (<ts_print+774>:	mov    rax,QWORD PTR [rsp+0x10])
0008| 0x7fffffffcec8 --> 0x0 
0016| 0x7fffffffced0 --> 0x671200 --> 0x2020202020090a00 ('')
0024| 0x7fffffffced8 --> 0x0 
0032| 0x7fffffffcee0 --> 0x0 
0040| 0x7fffffffcee8 --> 0x83dce54fe53c3900 
0048| 0x7fffffffcef0 --> 0x0 
0056| 0x7fffffffcef8 --> 0xa30440 --> 0x0 
[------------------------------------------------------------------------------]
Legend: code, data, rodata, value
Stopped reason: SIGSEGV
0x00000000004df6d0 in esis_print () at ./print-isoclns.c:1059
1059	                ND_PRINT((ndo, "%02X", *pptr++));

Valgrind:
==34973== 
==34973== Process terminating with default action of signal 11 (SIGSEGV)
==34973==  Access not within mapped region at address 0x6438000
==34973==    at 0x4DF6D0: esis_print (print-isoclns.c:1059)
==34973==    by 0x4A1FA0: fr_if_print (print-fr.c:328)
==34973==    by 0x40F39D: print_packet (tcpdump.c:2396)
==34973==    by 0x63F5F3: pcap_offline_read (savefile.c:409)
==34973==    by 0x63049E: pcap_loop (pcap.c:861)
==34973==    by 0x40A829: main (tcpdump.c:1921)
==34973==  If you believe this happened as a result of a stack
==34973==  overflow in your program's main thread (unlikely but
==34973==  possible), you can try to increase the size of the
==34973==  main thread stack using the --main-stacksize= flag.
==34973==  The main thread stack size used in this run was 8388608

Test case: https://db.tt/VRQ7U3EG (88 bytes)

Hexdump of test case:
0000000 c3d4 a1b2 3030 3030 3030 3030 3030 3030
0000010 3030 0030 006b 3000 3030 3030 3030 3030
0000020 0030 0000 3030 3030 3030 3001 0082 3001
0000030 3030 3030 3030 3030 3030 3030 3030 3030
*
0000058

Debian 7, Kernel 3.2.65-1+deb7u1, GCC 4.9.2, libc 3.2.65-1+deb7u1

**Comment by infrastation** [comment]
Reproduces in my environment.

**Comment by guyharris** [comment]
Fix checked into the trunk and the 4.1 through 4.7 branches.
