### ISSUE TITLE
seg fault in asn1_print () at print-snmp.c:673 caused by malformed pcap

### ISSUE THREAD

**Issue by geeknik** [the-tcpdump-group/tcpdump#438]
This bug was found with afl (http://lcamtuf.coredump.cx/afl). I compiled tcpdump and libpcap from git source:

tcpdump version 4.8.0-PRE-GIT_2015_02_27
libpcap version 1.8.0-PRE-GIT_2015_02_27
OpenSSL 1.0.1e 11 Feb 2013

CC=/path/to/afl-gcc ./configure
AFL_HARDEN=1 make -j12

Command line:
./tcpdump -qns 0 -A -r test13-min

Prepare for your terminal to be filled with a lot of alphanumeric characters before you get to the GDB/Valgrind output, especially Valgrind.

GDB:
Program received signal SIGSEGV, Segmentation fault.
[----------------------------------registers-----------------------------------]
RAX: 0x3 
RBX: 0xa30440 --> 0x0 
RCX: 0x688e50 --> 0x352e352500662500 ('')
RDX: 0x7ffff779adf0 --> 0x0 
RSI: 0x3 
RDI: 0x0 
RBP: 0xa53001 
RSP: 0x7fffffffcd80 --> 0x65848a --> 0x72705f6c6c614300 ('')
RIP: 0x5a1084 (<asn1_print+4772>:	movzx  edx,BYTE PTR [rbp-0x1])
R8 : 0x0 
R9 : 0x2 
R10: 0x7ffff7fdd700 (0x00007ffff7fdd700)
R11: 0x246 
R12: 0x7fffffffce50 --> 0x30303030 ('0000')
R13: 0x30303030 ('0000')
R14: 0x30d360d1 
R15: 0x7
EFLAGS: 0x10206 (carry PARITY adjust zero sign trap INTERRUPT direction overflow)
[-------------------------------------code-------------------------------------]
   0x5a1079 <asn1_print+4761>:	mov    rdi,rbx
   0x5a107c <asn1_print+4764>:	xor    eax,eax
   0x5a107e <asn1_print+4766>:	call   QWORD PTR [rbx+0x110]
=> 0x5a1084 <asn1_print+4772>:	movzx  edx,BYTE PTR [rbp-0x1]
   0x5a1088 <asn1_print+4776>:	xor    eax,eax
   0x5a108a <asn1_print+4778>:	mov    esi,0x688e4b
   0x5a108f <asn1_print+4783>:	mov    rdi,rbx
   0x5a1092 <asn1_print+4786>:	call   QWORD PTR [rbx+0x110]
[------------------------------------stack-------------------------------------]
0000| 0x7fffffffcd80 --> 0x65848a --> 0x72705f6c6c614300 ('')
0008| 0x7fffffffcd88 --> 0x0 
0016| 0x7fffffffcd90 --> 0x7ffff779adf0 --> 0x0 
0024| 0x7fffffffcd98 --> 0x59fe02 (<asn1_print+34>:	mov    rax,QWORD PTR [rsp+0x10])
0032| 0x7fffffffcda0 --> 0x7ffff779adf0 --> 0x0 
0040| 0x7fffffffcda8 --> 0x689039 --> 0x7478652064255b00 ('')
0048| 0x7fffffffcdb0 --> 0xb ('\x0b')
0056| 0x7fffffffcdb8 --> 0x9 ('\t')
[------------------------------------------------------------------------------]
Legend: code, data, rodata, value
Stopped reason: SIGSEGV
0x00000000005a1084 in asn1_print ()

Valgrind:
==13029== 
==13029== Process terminating with default action of signal 11 (SIGSEGV): dumping core
==13029==  Access not within mapped region at address 0x6438000
==13029==    at 0x5A1084: asn1_print (print-snmp.c:673)
==13029==    by 0x5ABAAD: snmp_print (print-snmp.c:1874)
==13029==    by 0x442D9D: atm_print (print-atm.c:328)
==13029==    by 0x5B4E1D: sunatm_if_print (print-sunatm.c:104)
==13029==    by 0x40F39D: print_packet (tcpdump.c:2396)
==13029==    by 0x63F5F3: pcap_offline_read (savefile.c:409)
==13029==    by 0x63049E: pcap_loop (pcap.c:861)
==13029==    by 0x40A829: main (tcpdump.c:1921)
==13029==  If you believe this happened as a result of a stack
==13029==  overflow in your program's main thread (unlikely but
==13029==  possible), you can try to increase the size of the
==13029==  main thread stack using the --main-stacksize= flag.
==13029==  The main thread stack size used in this run was 8388608.

Test case: https://db.tt/QvAYqCMa (172 bytes)

Hexdump of test case:
0000000 c3d4 a1b2 3030 3030 3030 3030 3030 3030
0000010 3030 0000 007b 3000 3030 3030 3030 3030
0000020 0084 0000 3030 30ff 0030 1000 eb00 3030
0000030 3030 3030 3030 3030 3030 3030 3030 3030
*
00000ac

Debian 7, Kernel 3.2.65-1+deb7u1, GCC 4.9.2, libc 3.2.65-1+deb7u1

**Comment by infrastation** [comment]
Reproduces in my environment.

**Comment by fxlb** [comment]
Fixed by 09b639add17c21a1cce31a1c48a3b95198e0c15b.
